Terminaux inutilisés dans la grammaire

   ATTRPATH


État 15 conflits: 1 décalage/réduction, 1 réduction/réduction


Grammaire

    0 $accept: start $end

    1 start: expr

    2 expr: expr_function

    3 expr_function: ID ':' expr_function
    4              | '{' formals '}' ':' expr_function
    5              | '{' formals '}' '@' ID ':' expr_function
    6              | ID '@' '{' formals '}' ':' expr_function
    7              | ASSERT expr ';' expr_function
    8              | WITH expr ';' expr_function
    9              | LET binds IN expr_function
   10              | expr_if

   11 expr_if: IF expr THEN expr ELSE expr
   12        | expr_op

   13 expr_op: '!' expr_op
   14        | '-' expr_op
   15        | expr_op EQ expr_op
   16        | expr_op NEQ expr_op
   17        | expr_op '<' expr_op
   18        | expr_op LEQ expr_op
   19        | expr_op '>' expr_op
   20        | expr_op GEQ expr_op
   21        | expr_op AND expr_op
   22        | expr_op OR expr_op
   23        | expr_op IMPL expr_op
   24        | expr_op UPDATE expr_op
   25        | expr_op '?' attrpath
   26        | expr_op '+' expr_op
   27        | expr_op '-' expr_op
   28        | expr_op '*' expr_op
   29        | expr_op '/' expr_op
   30        | expr_op CONCAT expr_op
   31        | expr_app

   32 expr_app: expr_app expr_select
   33         | expr_select

   34 expr_select: expr_simple '.' attrpath
   35            | expr_simple '.' attrpath OR_KW expr_select
   36            | expr_simple OR_KW
   37            | expr_simple

   38 expr_simple: ID
   39            | INT
   40            | FLOAT
   41            | '"' string_parts '"'
   42            | IND_STRING_OPEN ind_string_parts IND_STRING_CLOSE
   43            | PATH
   44            | HPATH
   45            | SPATH
   46            | URI
   47            | '(' expr ')'
   48            | LET '{' binds '}'
   49            | REC '{' binds '}'
   50            | '{' binds '}'
   51            | '[' expr_list ']'

   52 string_parts: STR
   53             | string_parts_interpolated
   54             | %empty

   55 string_parts_interpolated: string_parts_interpolated STR
   56                          | string_parts_interpolated DOLLAR_CURLY expr '}'
   57                          | DOLLAR_CURLY expr '}'
   58                          | STR DOLLAR_CURLY expr '}'

   59 ind_string_parts: ind_string_parts IND_STR
   60                 | ind_string_parts DOLLAR_CURLY expr '}'
   61                 | %empty

   62 binds: binds attrpath '=' expr ';'
   63      | binds INHERIT attrs ';'
   64      | binds INHERIT '(' expr ')' attrs ';'
   65      | %empty

   66 attrs: attrs attr
   67      | attrs string_attr
   68      | %empty

   69 attrpath: attrpath '.' attr
   70         | attrpath '.' string_attr
   71         | attr
   72         | string_attr

   73 attr: ID
   74     | OR_KW

   75 string_attr: '"' string_parts '"'
   76            | DOLLAR_CURLY expr '}'

   77 expr_list: expr_list expr_select
   78          | %empty

   79 formals: formal ',' formals
   80        | formal
   81        | %empty
   82        | ELLIPSIS

   83 formal: ID
   84       | ID '?' expr


Terminaux, suivis des règles où ils apparaissent

$end (0) 0
'!' (33) 13
'"' (34) 41 75
'(' (40) 47 64
')' (41) 47 64
'*' (42) 28
'+' (43) 26
',' (44) 79
'-' (45) 14 27
'.' (46) 34 35 69 70
'/' (47) 29
':' (58) 3 4 5 6
';' (59) 7 8 62 63 64
'<' (60) 17
'=' (61) 62
'>' (62) 19
'?' (63) 25 84
'@' (64) 5 6
'[' (91) 51
']' (93) 51
'{' (123) 4 5 6 48 49 50
'}' (125) 4 5 6 48 49 50 56 57 58 60 76
error (256)
ID (258) 3 5 6 38 73 83 84
ATTRPATH (259)
STR (260) 52 55 58
IND_STR (261) 59
INT (262) 39
FLOAT (263) 40
PATH (264) 43
HPATH (265) 44
SPATH (266) 45
URI (267) 46
IF (268) 11
THEN (269) 11
ELSE (270) 11
ASSERT (271) 7
WITH (272) 8
LET (273) 9 48
IN (274) 9
REC (275) 49
INHERIT (276) 63 64
EQ (277) 15
NEQ (278) 16
AND (279) 21
OR (280) 22
IMPL (281) 23
OR_KW (282) 35 36 74
DOLLAR_CURLY (283) 56 57 58 60 76
IND_STRING_OPEN (284) 42
IND_STRING_CLOSE (285) 42
ELLIPSIS (286) 82
LEQ (287) 18
GEQ (288) 20
UPDATE (289) 24
NOT (290)
CONCAT (291) 30
NEGATE (292)


Non-terminaux, suivis des règles où ils apparaissent

$accept (59)
    à gauche: 0
start (60)
    à gauche: 1, à droite: 0
expr (61)
    à gauche: 2, à droite: 1 7 8 11 47 56 57 58 60 62 64 76 84
expr_function (62)
    à gauche: 3 4 5 6 7 8 9 10, à droite: 2 3 4 5 6 7 8 9
expr_if (63)
    à gauche: 11 12, à droite: 10
expr_op (64)
    à gauche: 13 14 15 16 17 18 19 20 21 22 23 24 25 26 27 28 29 30
    31, à droite: 12 13 14 15 16 17 18 19 20 21 22 23 24 25 26 27
    28 29 30
expr_app (65)
    à gauche: 32 33, à droite: 31 32
expr_select (66)
    à gauche: 34 35 36 37, à droite: 32 33 35 77
expr_simple (67)
    à gauche: 38 39 40 41 42 43 44 45 46 47 48 49 50 51, à droite:
    34 35 36 37
string_parts (68)
    à gauche: 52 53 54, à droite: 41 75
string_parts_interpolated (69)
    à gauche: 55 56 57 58, à droite: 53 55 56
ind_string_parts (70)
    à gauche: 59 60 61, à droite: 42 59 60
binds (71)
    à gauche: 62 63 64 65, à droite: 9 48 49 50 62 63 64
attrs (72)
    à gauche: 66 67 68, à droite: 63 64 66 67
attrpath (73)
    à gauche: 69 70 71 72, à droite: 25 34 35 62 69 70
attr (74)
    à gauche: 73 74, à droite: 66 69 71
string_attr (75)
    à gauche: 75 76, à droite: 67 70 72
expr_list (76)
    à gauche: 77 78, à droite: 51 77
formals (77)
    à gauche: 79 80 81 82, à droite: 4 5 6 79
formal (78)
    à gauche: 83 84, à droite: 79 80


État 0

    0 $accept: . start $end

    ID               décalage et aller à l'état 1
    INT              décalage et aller à l'état 2
    FLOAT            décalage et aller à l'état 3
    PATH             décalage et aller à l'état 4
    HPATH            décalage et aller à l'état 5
    SPATH            décalage et aller à l'état 6
    URI              décalage et aller à l'état 7
    IF               décalage et aller à l'état 8
    ASSERT           décalage et aller à l'état 9
    WITH             décalage et aller à l'état 10
    LET              décalage et aller à l'état 11
    REC              décalage et aller à l'état 12
    IND_STRING_OPEN  décalage et aller à l'état 13
    '-'              décalage et aller à l'état 14
    '{'              décalage et aller à l'état 15
    '!'              décalage et aller à l'état 16
    '"'              décalage et aller à l'état 17
    '('              décalage et aller à l'état 18
    '['              décalage et aller à l'état 19

    start          aller à l'état 20
    expr           aller à l'état 21
    expr_function  aller à l'état 22
    expr_if        aller à l'état 23
    expr_op        aller à l'état 24
    expr_app       aller à l'état 25
    expr_select    aller à l'état 26
    expr_simple    aller à l'état 27


État 1

    3 expr_function: ID . ':' expr_function
    6              | ID . '@' '{' formals '}' ':' expr_function
   38 expr_simple: ID .

    ':'  décalage et aller à l'état 28
    '@'  décalage et aller à l'état 29

    $défaut  réduction par utilisation de la règle 38 (expr_simple)


État 2

   39 expr_simple: INT .

    $défaut  réduction par utilisation de la règle 39 (expr_simple)


État 3

   40 expr_simple: FLOAT .

    $défaut  réduction par utilisation de la règle 40 (expr_simple)


État 4

   43 expr_simple: PATH .

    $défaut  réduction par utilisation de la règle 43 (expr_simple)


État 5

   44 expr_simple: HPATH .

    $défaut  réduction par utilisation de la règle 44 (expr_simple)


État 6

   45 expr_simple: SPATH .

    $défaut  réduction par utilisation de la règle 45 (expr_simple)


État 7

   46 expr_simple: URI .

    $défaut  réduction par utilisation de la règle 46 (expr_simple)


État 8

   11 expr_if: IF . expr THEN expr ELSE expr

    ID               décalage et aller à l'état 1
    INT              décalage et aller à l'état 2
    FLOAT            décalage et aller à l'état 3
    PATH             décalage et aller à l'état 4
    HPATH            décalage et aller à l'état 5
    SPATH            décalage et aller à l'état 6
    URI              décalage et aller à l'état 7
    IF               décalage et aller à l'état 8
    ASSERT           décalage et aller à l'état 9
    WITH             décalage et aller à l'état 10
    LET              décalage et aller à l'état 11
    REC              décalage et aller à l'état 12
    IND_STRING_OPEN  décalage et aller à l'état 13
    '-'              décalage et aller à l'état 14
    '{'              décalage et aller à l'état 15
    '!'              décalage et aller à l'état 16
    '"'              décalage et aller à l'état 17
    '('              décalage et aller à l'état 18
    '['              décalage et aller à l'état 19

    expr           aller à l'état 30
    expr_function  aller à l'état 22
    expr_if        aller à l'état 23
    expr_op        aller à l'état 24
    expr_app       aller à l'état 25
    expr_select    aller à l'état 26
    expr_simple    aller à l'état 27


État 9

    7 expr_function: ASSERT . expr ';' expr_function

    ID               décalage et aller à l'état 1
    INT              décalage et aller à l'état 2
    FLOAT            décalage et aller à l'état 3
    PATH             décalage et aller à l'état 4
    HPATH            décalage et aller à l'état 5
    SPATH            décalage et aller à l'état 6
    URI              décalage et aller à l'état 7
    IF               décalage et aller à l'état 8
    ASSERT           décalage et aller à l'état 9
    WITH             décalage et aller à l'état 10
    LET              décalage et aller à l'état 11
    REC              décalage et aller à l'état 12
    IND_STRING_OPEN  décalage et aller à l'état 13
    '-'              décalage et aller à l'état 14
    '{'              décalage et aller à l'état 15
    '!'              décalage et aller à l'état 16
    '"'              décalage et aller à l'état 17
    '('              décalage et aller à l'état 18
    '['              décalage et aller à l'état 19

    expr           aller à l'état 31
    expr_function  aller à l'état 22
    expr_if        aller à l'état 23
    expr_op        aller à l'état 24
    expr_app       aller à l'état 25
    expr_select    aller à l'état 26
    expr_simple    aller à l'état 27


État 10

    8 expr_function: WITH . expr ';' expr_function

    ID               décalage et aller à l'état 1
    INT              décalage et aller à l'état 2
    FLOAT            décalage et aller à l'état 3
    PATH             décalage et aller à l'état 4
    HPATH            décalage et aller à l'état 5
    SPATH            décalage et aller à l'état 6
    URI              décalage et aller à l'état 7
    IF               décalage et aller à l'état 8
    ASSERT           décalage et aller à l'état 9
    WITH             décalage et aller à l'état 10
    LET              décalage et aller à l'état 11
    REC              décalage et aller à l'état 12
    IND_STRING_OPEN  décalage et aller à l'état 13
    '-'              décalage et aller à l'état 14
    '{'              décalage et aller à l'état 15
    '!'              décalage et aller à l'état 16
    '"'              décalage et aller à l'état 17
    '('              décalage et aller à l'état 18
    '['              décalage et aller à l'état 19

    expr           aller à l'état 32
    expr_function  aller à l'état 22
    expr_if        aller à l'état 23
    expr_op        aller à l'état 24
    expr_app       aller à l'état 25
    expr_select    aller à l'état 26
    expr_simple    aller à l'état 27


État 11

    9 expr_function: LET . binds IN expr_function
   48 expr_simple: LET . '{' binds '}'

    '{'  décalage et aller à l'état 33

    $défaut  réduction par utilisation de la règle 65 (binds)

    binds  aller à l'état 34


État 12

   49 expr_simple: REC . '{' binds '}'

    '{'  décalage et aller à l'état 35


État 13

   42 expr_simple: IND_STRING_OPEN . ind_string_parts IND_STRING_CLOSE

    $défaut  réduction par utilisation de la règle 61 (ind_string_parts)

    ind_string_parts  aller à l'état 36


État 14

   14 expr_op: '-' . expr_op

    ID               décalage et aller à l'état 37
    INT              décalage et aller à l'état 2
    FLOAT            décalage et aller à l'état 3
    PATH             décalage et aller à l'état 4
    HPATH            décalage et aller à l'état 5
    SPATH            décalage et aller à l'état 6
    URI              décalage et aller à l'état 7
    LET              décalage et aller à l'état 38
    REC              décalage et aller à l'état 12
    IND_STRING_OPEN  décalage et aller à l'état 13
    '-'              décalage et aller à l'état 14
    '{'              décalage et aller à l'état 39
    '!'              décalage et aller à l'état 16
    '"'              décalage et aller à l'état 17
    '('              décalage et aller à l'état 18
    '['              décalage et aller à l'état 19

    expr_op      aller à l'état 40
    expr_app     aller à l'état 25
    expr_select  aller à l'état 26
    expr_simple  aller à l'état 27


État 15

    4 expr_function: '{' . formals '}' ':' expr_function
    5              | '{' . formals '}' '@' ID ':' expr_function
   50 expr_simple: '{' . binds '}'

    ID        décalage et aller à l'état 41
    ELLIPSIS  décalage et aller à l'état 42

    ID        [réduction par utilisation de la règle 65 (binds)]
    '}'       réduction par utilisation de la règle 65 (binds)
    '}'       [réduction par utilisation de la règle 81 (formals)]
    $défaut  réduction par utilisation de la règle 65 (binds)

    binds    aller à l'état 43
    formals  aller à l'état 44
    formal   aller à l'état 45


État 16

   13 expr_op: '!' . expr_op

    ID               décalage et aller à l'état 37
    INT              décalage et aller à l'état 2
    FLOAT            décalage et aller à l'état 3
    PATH             décalage et aller à l'état 4
    HPATH            décalage et aller à l'état 5
    SPATH            décalage et aller à l'état 6
    URI              décalage et aller à l'état 7
    LET              décalage et aller à l'état 38
    REC              décalage et aller à l'état 12
    IND_STRING_OPEN  décalage et aller à l'état 13
    '-'              décalage et aller à l'état 14
    '{'              décalage et aller à l'état 39
    '!'              décalage et aller à l'état 16
    '"'              décalage et aller à l'état 17
    '('              décalage et aller à l'état 18
    '['              décalage et aller à l'état 19

    expr_op      aller à l'état 46
    expr_app     aller à l'état 25
    expr_select  aller à l'état 26
    expr_simple  aller à l'état 27


État 17

   41 expr_simple: '"' . string_parts '"'

    STR           décalage et aller à l'état 47
    DOLLAR_CURLY  décalage et aller à l'état 48

    $défaut  réduction par utilisation de la règle 54 (string_parts)

    string_parts               aller à l'état 49
    string_parts_interpolated  aller à l'état 50


État 18

   47 expr_simple: '(' . expr ')'

    ID               décalage et aller à l'état 1
    INT              décalage et aller à l'état 2
    FLOAT            décalage et aller à l'état 3
    PATH             décalage et aller à l'état 4
    HPATH            décalage et aller à l'état 5
    SPATH            décalage et aller à l'état 6
    URI              décalage et aller à l'état 7
    IF               décalage et aller à l'état 8
    ASSERT           décalage et aller à l'état 9
    WITH             décalage et aller à l'état 10
    LET              décalage et aller à l'état 11
    REC              décalage et aller à l'état 12
    IND_STRING_OPEN  décalage et aller à l'état 13
    '-'              décalage et aller à l'état 14
    '{'              décalage et aller à l'état 15
    '!'              décalage et aller à l'état 16
    '"'              décalage et aller à l'état 17
    '('              décalage et aller à l'état 18
    '['              décalage et aller à l'état 19

    expr           aller à l'état 51
    expr_function  aller à l'état 22
    expr_if        aller à l'état 23
    expr_op        aller à l'état 24
    expr_app       aller à l'état 25
    expr_select    aller à l'état 26
    expr_simple    aller à l'état 27


État 19

   51 expr_simple: '[' . expr_list ']'

    $défaut  réduction par utilisation de la règle 78 (expr_list)

    expr_list  aller à l'état 52


État 20

    0 $accept: start . $end

    $end  décalage et aller à l'état 53


État 21

    1 start: expr .

    $défaut  réduction par utilisation de la règle 1 (start)


État 22

    2 expr: expr_function .

    $défaut  réduction par utilisation de la règle 2 (expr)


État 23

   10 expr_function: expr_if .

    $défaut  réduction par utilisation de la règle 10 (expr_function)


État 24

   12 expr_if: expr_op .
   15 expr_op: expr_op . EQ expr_op
   16        | expr_op . NEQ expr_op
   17        | expr_op . '<' expr_op
   18        | expr_op . LEQ expr_op
   19        | expr_op . '>' expr_op
   20        | expr_op . GEQ expr_op
   21        | expr_op . AND expr_op
   22        | expr_op . OR expr_op
   23        | expr_op . IMPL expr_op
   24        | expr_op . UPDATE expr_op
   25        | expr_op . '?' attrpath
   26        | expr_op . '+' expr_op
   27        | expr_op . '-' expr_op
   28        | expr_op . '*' expr_op
   29        | expr_op . '/' expr_op
   30        | expr_op . CONCAT expr_op

    EQ      décalage et aller à l'état 54
    NEQ     décalage et aller à l'état 55
    AND     décalage et aller à l'état 56
    OR      décalage et aller à l'état 57
    IMPL    décalage et aller à l'état 58
    '<'     décalage et aller à l'état 59
    '>'     décalage et aller à l'état 60
    LEQ     décalage et aller à l'état 61
    GEQ     décalage et aller à l'état 62
    UPDATE  décalage et aller à l'état 63
    '+'     décalage et aller à l'état 64
    '-'     décalage et aller à l'état 65
    '*'     décalage et aller à l'état 66
    '/'     décalage et aller à l'état 67
    CONCAT  décalage et aller à l'état 68
    '?'     décalage et aller à l'état 69

    $défaut  réduction par utilisation de la règle 12 (expr_if)


État 25

   31 expr_op: expr_app .
   32 expr_app: expr_app . expr_select

    ID               décalage et aller à l'état 37
    INT              décalage et aller à l'état 2
    FLOAT            décalage et aller à l'état 3
    PATH             décalage et aller à l'état 4
    HPATH            décalage et aller à l'état 5
    SPATH            décalage et aller à l'état 6
    URI              décalage et aller à l'état 7
    LET              décalage et aller à l'état 38
    REC              décalage et aller à l'état 12
    IND_STRING_OPEN  décalage et aller à l'état 13
    '{'              décalage et aller à l'état 39
    '"'              décalage et aller à l'état 17
    '('              décalage et aller à l'état 18
    '['              décalage et aller à l'état 19

    $défaut  réduction par utilisation de la règle 31 (expr_op)

    expr_select  aller à l'état 70
    expr_simple  aller à l'état 27


État 26

   33 expr_app: expr_select .

    $défaut  réduction par utilisation de la règle 33 (expr_app)


État 27

   34 expr_select: expr_simple . '.' attrpath
   35            | expr_simple . '.' attrpath OR_KW expr_select
   36            | expr_simple . OR_KW
   37            | expr_simple .

    OR_KW  décalage et aller à l'état 71
    '.'    décalage et aller à l'état 72

    $défaut  réduction par utilisation de la règle 37 (expr_select)


État 28

    3 expr_function: ID ':' . expr_function

    ID               décalage et aller à l'état 1
    INT              décalage et aller à l'état 2
    FLOAT            décalage et aller à l'état 3
    PATH             décalage et aller à l'état 4
    HPATH            décalage et aller à l'état 5
    SPATH            décalage et aller à l'état 6
    URI              décalage et aller à l'état 7
    IF               décalage et aller à l'état 8
    ASSERT           décalage et aller à l'état 9
    WITH             décalage et aller à l'état 10
    LET              décalage et aller à l'état 11
    REC              décalage et aller à l'état 12
    IND_STRING_OPEN  décalage et aller à l'état 13
    '-'              décalage et aller à l'état 14
    '{'              décalage et aller à l'état 15
    '!'              décalage et aller à l'état 16
    '"'              décalage et aller à l'état 17
    '('              décalage et aller à l'état 18
    '['              décalage et aller à l'état 19

    expr_function  aller à l'état 73
    expr_if        aller à l'état 23
    expr_op        aller à l'état 24
    expr_app       aller à l'état 25
    expr_select    aller à l'état 26
    expr_simple    aller à l'état 27


État 29

    6 expr_function: ID '@' . '{' formals '}' ':' expr_function

    '{'  décalage et aller à l'état 74


État 30

   11 expr_if: IF expr . THEN expr ELSE expr

    THEN  décalage et aller à l'état 75


État 31

    7 expr_function: ASSERT expr . ';' expr_function

    ';'  décalage et aller à l'état 76


État 32

    8 expr_function: WITH expr . ';' expr_function

    ';'  décalage et aller à l'état 77


État 33

   48 expr_simple: LET '{' . binds '}'

    $défaut  réduction par utilisation de la règle 65 (binds)

    binds  aller à l'état 78


État 34

    9 expr_function: LET binds . IN expr_function
   62 binds: binds . attrpath '=' expr ';'
   63      | binds . INHERIT attrs ';'
   64      | binds . INHERIT '(' expr ')' attrs ';'

    ID            décalage et aller à l'état 79
    IN            décalage et aller à l'état 80
    INHERIT       décalage et aller à l'état 81
    OR_KW         décalage et aller à l'état 82
    DOLLAR_CURLY  décalage et aller à l'état 83
    '"'           décalage et aller à l'état 84

    attrpath     aller à l'état 85
    attr         aller à l'état 86
    string_attr  aller à l'état 87


État 35

   49 expr_simple: REC '{' . binds '}'

    $défaut  réduction par utilisation de la règle 65 (binds)

    binds  aller à l'état 88


État 36

   42 expr_simple: IND_STRING_OPEN ind_string_parts . IND_STRING_CLOSE
   59 ind_string_parts: ind_string_parts . IND_STR
   60                 | ind_string_parts . DOLLAR_CURLY expr '}'

    IND_STR           décalage et aller à l'état 89
    DOLLAR_CURLY      décalage et aller à l'état 90
    IND_STRING_CLOSE  décalage et aller à l'état 91


État 37

   38 expr_simple: ID .

    $défaut  réduction par utilisation de la règle 38 (expr_simple)


État 38

   48 expr_simple: LET . '{' binds '}'

    '{'  décalage et aller à l'état 33


État 39

   50 expr_simple: '{' . binds '}'

    $défaut  réduction par utilisation de la règle 65 (binds)

    binds  aller à l'état 43


État 40

   14 expr_op: '-' expr_op .
   15        | expr_op . EQ expr_op
   16        | expr_op . NEQ expr_op
   17        | expr_op . '<' expr_op
   18        | expr_op . LEQ expr_op
   19        | expr_op . '>' expr_op
   20        | expr_op . GEQ expr_op
   21        | expr_op . AND expr_op
   22        | expr_op . OR expr_op
   23        | expr_op . IMPL expr_op
   24        | expr_op . UPDATE expr_op
   25        | expr_op . '?' attrpath
   26        | expr_op . '+' expr_op
   27        | expr_op . '-' expr_op
   28        | expr_op . '*' expr_op
   29        | expr_op . '/' expr_op
   30        | expr_op . CONCAT expr_op

    $défaut  réduction par utilisation de la règle 14 (expr_op)


État 41

   83 formal: ID .
   84       | ID . '?' expr

    '?'  décalage et aller à l'état 92

    $défaut  réduction par utilisation de la règle 83 (formal)


État 42

   82 formals: ELLIPSIS .

    $défaut  réduction par utilisation de la règle 82 (formals)


État 43

   50 expr_simple: '{' binds . '}'
   62 binds: binds . attrpath '=' expr ';'
   63      | binds . INHERIT attrs ';'
   64      | binds . INHERIT '(' expr ')' attrs ';'

    ID            décalage et aller à l'état 79
    INHERIT       décalage et aller à l'état 81
    OR_KW         décalage et aller à l'état 82
    DOLLAR_CURLY  décalage et aller à l'état 83
    '}'           décalage et aller à l'état 93
    '"'           décalage et aller à l'état 84

    attrpath     aller à l'état 85
    attr         aller à l'état 86
    string_attr  aller à l'état 87


État 44

    4 expr_function: '{' formals . '}' ':' expr_function
    5              | '{' formals . '}' '@' ID ':' expr_function

    '}'  décalage et aller à l'état 94


État 45

   79 formals: formal . ',' formals
   80        | formal .

    ','  décalage et aller à l'état 95

    $défaut  réduction par utilisation de la règle 80 (formals)


État 46

   13 expr_op: '!' expr_op .
   15        | expr_op . EQ expr_op
   16        | expr_op . NEQ expr_op
   17        | expr_op . '<' expr_op
   18        | expr_op . LEQ expr_op
   19        | expr_op . '>' expr_op
   20        | expr_op . GEQ expr_op
   21        | expr_op . AND expr_op
   22        | expr_op . OR expr_op
   23        | expr_op . IMPL expr_op
   24        | expr_op . UPDATE expr_op
   25        | expr_op . '?' attrpath
   26        | expr_op . '+' expr_op
   27        | expr_op . '-' expr_op
   28        | expr_op . '*' expr_op
   29        | expr_op . '/' expr_op
   30        | expr_op . CONCAT expr_op

    '+'     décalage et aller à l'état 64
    '-'     décalage et aller à l'état 65
    '*'     décalage et aller à l'état 66
    '/'     décalage et aller à l'état 67
    CONCAT  décalage et aller à l'état 68
    '?'     décalage et aller à l'état 69

    $défaut  réduction par utilisation de la règle 13 (expr_op)


État 47

   52 string_parts: STR .
   58 string_parts_interpolated: STR . DOLLAR_CURLY expr '}'

    DOLLAR_CURLY  décalage et aller à l'état 96

    $défaut  réduction par utilisation de la règle 52 (string_parts)


État 48

   57 string_parts_interpolated: DOLLAR_CURLY . expr '}'

    ID               décalage et aller à l'état 1
    INT              décalage et aller à l'état 2
    FLOAT            décalage et aller à l'état 3
    PATH             décalage et aller à l'état 4
    HPATH            décalage et aller à l'état 5
    SPATH            décalage et aller à l'état 6
    URI              décalage et aller à l'état 7
    IF               décalage et aller à l'état 8
    ASSERT           décalage et aller à l'état 9
    WITH             décalage et aller à l'état 10
    LET              décalage et aller à l'état 11
    REC              décalage et aller à l'état 12
    IND_STRING_OPEN  décalage et aller à l'état 13
    '-'              décalage et aller à l'état 14
    '{'              décalage et aller à l'état 15
    '!'              décalage et aller à l'état 16
    '"'              décalage et aller à l'état 17
    '('              décalage et aller à l'état 18
    '['              décalage et aller à l'état 19

    expr           aller à l'état 97
    expr_function  aller à l'état 22
    expr_if        aller à l'état 23
    expr_op        aller à l'état 24
    expr_app       aller à l'état 25
    expr_select    aller à l'état 26
    expr_simple    aller à l'état 27


État 49

   41 expr_simple: '"' string_parts . '"'

    '"'  décalage et aller à l'état 98


État 50

   53 string_parts: string_parts_interpolated .
   55 string_parts_interpolated: string_parts_interpolated . STR
   56                          | string_parts_interpolated . DOLLAR_CURLY expr '}'

    STR           décalage et aller à l'état 99
    DOLLAR_CURLY  décalage et aller à l'état 100

    $défaut  réduction par utilisation de la règle 53 (string_parts)


État 51

   47 expr_simple: '(' expr . ')'

    ')'  décalage et aller à l'état 101


État 52

   51 expr_simple: '[' expr_list . ']'
   77 expr_list: expr_list . expr_select

    ID               décalage et aller à l'état 37
    INT              décalage et aller à l'état 2
    FLOAT            décalage et aller à l'état 3
    PATH             décalage et aller à l'état 4
    HPATH            décalage et aller à l'état 5
    SPATH            décalage et aller à l'état 6
    URI              décalage et aller à l'état 7
    LET              décalage et aller à l'état 38
    REC              décalage et aller à l'état 12
    IND_STRING_OPEN  décalage et aller à l'état 13
    '{'              décalage et aller à l'état 39
    '"'              décalage et aller à l'état 17
    '('              décalage et aller à l'état 18
    '['              décalage et aller à l'état 19
    ']'              décalage et aller à l'état 102

    expr_select  aller à l'état 103
    expr_simple  aller à l'état 27


État 53

    0 $accept: start $end .

    $défaut  accepter


État 54

   15 expr_op: expr_op EQ . expr_op

    ID               décalage et aller à l'état 37
    INT              décalage et aller à l'état 2
    FLOAT            décalage et aller à l'état 3
    PATH             décalage et aller à l'état 4
    HPATH            décalage et aller à l'état 5
    SPATH            décalage et aller à l'état 6
    URI              décalage et aller à l'état 7
    LET              décalage et aller à l'état 38
    REC              décalage et aller à l'état 12
    IND_STRING_OPEN  décalage et aller à l'état 13
    '-'              décalage et aller à l'état 14
    '{'              décalage et aller à l'état 39
    '!'              décalage et aller à l'état 16
    '"'              décalage et aller à l'état 17
    '('              décalage et aller à l'état 18
    '['              décalage et aller à l'état 19

    expr_op      aller à l'état 104
    expr_app     aller à l'état 25
    expr_select  aller à l'état 26
    expr_simple  aller à l'état 27


État 55

   16 expr_op: expr_op NEQ . expr_op

    ID               décalage et aller à l'état 37
    INT              décalage et aller à l'état 2
    FLOAT            décalage et aller à l'état 3
    PATH             décalage et aller à l'état 4
    HPATH            décalage et aller à l'état 5
    SPATH            décalage et aller à l'état 6
    URI              décalage et aller à l'état 7
    LET              décalage et aller à l'état 38
    REC              décalage et aller à l'état 12
    IND_STRING_OPEN  décalage et aller à l'état 13
    '-'              décalage et aller à l'état 14
    '{'              décalage et aller à l'état 39
    '!'              décalage et aller à l'état 16
    '"'              décalage et aller à l'état 17
    '('              décalage et aller à l'état 18
    '['              décalage et aller à l'état 19

    expr_op      aller à l'état 105
    expr_app     aller à l'état 25
    expr_select  aller à l'état 26
    expr_simple  aller à l'état 27


État 56

   21 expr_op: expr_op AND . expr_op

    ID               décalage et aller à l'état 37
    INT              décalage et aller à l'état 2
    FLOAT            décalage et aller à l'état 3
    PATH             décalage et aller à l'état 4
    HPATH            décalage et aller à l'état 5
    SPATH            décalage et aller à l'état 6
    URI              décalage et aller à l'état 7
    LET              décalage et aller à l'état 38
    REC              décalage et aller à l'état 12
    IND_STRING_OPEN  décalage et aller à l'état 13
    '-'              décalage et aller à l'état 14
    '{'              décalage et aller à l'état 39
    '!'              décalage et aller à l'état 16
    '"'              décalage et aller à l'état 17
    '('              décalage et aller à l'état 18
    '['              décalage et aller à l'état 19

    expr_op      aller à l'état 106
    expr_app     aller à l'état 25
    expr_select  aller à l'état 26
    expr_simple  aller à l'état 27


État 57

   22 expr_op: expr_op OR . expr_op

    ID               décalage et aller à l'état 37
    INT              décalage et aller à l'état 2
    FLOAT            décalage et aller à l'état 3
    PATH             décalage et aller à l'état 4
    HPATH            décalage et aller à l'état 5
    SPATH            décalage et aller à l'état 6
    URI              décalage et aller à l'état 7
    LET              décalage et aller à l'état 38
    REC              décalage et aller à l'état 12
    IND_STRING_OPEN  décalage et aller à l'état 13
    '-'              décalage et aller à l'état 14
    '{'              décalage et aller à l'état 39
    '!'              décalage et aller à l'état 16
    '"'              décalage et aller à l'état 17
    '('              décalage et aller à l'état 18
    '['              décalage et aller à l'état 19

    expr_op      aller à l'état 107
    expr_app     aller à l'état 25
    expr_select  aller à l'état 26
    expr_simple  aller à l'état 27


État 58

   23 expr_op: expr_op IMPL . expr_op

    ID               décalage et aller à l'état 37
    INT              décalage et aller à l'état 2
    FLOAT            décalage et aller à l'état 3
    PATH             décalage et aller à l'état 4
    HPATH            décalage et aller à l'état 5
    SPATH            décalage et aller à l'état 6
    URI              décalage et aller à l'état 7
    LET              décalage et aller à l'état 38
    REC              décalage et aller à l'état 12
    IND_STRING_OPEN  décalage et aller à l'état 13
    '-'              décalage et aller à l'état 14
    '{'              décalage et aller à l'état 39
    '!'              décalage et aller à l'état 16
    '"'              décalage et aller à l'état 17
    '('              décalage et aller à l'état 18
    '['              décalage et aller à l'état 19

    expr_op      aller à l'état 108
    expr_app     aller à l'état 25
    expr_select  aller à l'état 26
    expr_simple  aller à l'état 27


État 59

   17 expr_op: expr_op '<' . expr_op

    ID               décalage et aller à l'état 37
    INT              décalage et aller à l'état 2
    FLOAT            décalage et aller à l'état 3
    PATH             décalage et aller à l'état 4
    HPATH            décalage et aller à l'état 5
    SPATH            décalage et aller à l'état 6
    URI              décalage et aller à l'état 7
    LET              décalage et aller à l'état 38
    REC              décalage et aller à l'état 12
    IND_STRING_OPEN  décalage et aller à l'état 13
    '-'              décalage et aller à l'état 14
    '{'              décalage et aller à l'état 39
    '!'              décalage et aller à l'état 16
    '"'              décalage et aller à l'état 17
    '('              décalage et aller à l'état 18
    '['              décalage et aller à l'état 19

    expr_op      aller à l'état 109
    expr_app     aller à l'état 25
    expr_select  aller à l'état 26
    expr_simple  aller à l'état 27


État 60

   19 expr_op: expr_op '>' . expr_op

    ID               décalage et aller à l'état 37
    INT              décalage et aller à l'état 2
    FLOAT            décalage et aller à l'état 3
    PATH             décalage et aller à l'état 4
    HPATH            décalage et aller à l'état 5
    SPATH            décalage et aller à l'état 6
    URI              décalage et aller à l'état 7
    LET              décalage et aller à l'état 38
    REC              décalage et aller à l'état 12
    IND_STRING_OPEN  décalage et aller à l'état 13
    '-'              décalage et aller à l'état 14
    '{'              décalage et aller à l'état 39
    '!'              décalage et aller à l'état 16
    '"'              décalage et aller à l'état 17
    '('              décalage et aller à l'état 18
    '['              décalage et aller à l'état 19

    expr_op      aller à l'état 110
    expr_app     aller à l'état 25
    expr_select  aller à l'état 26
    expr_simple  aller à l'état 27


État 61

   18 expr_op: expr_op LEQ . expr_op

    ID               décalage et aller à l'état 37
    INT              décalage et aller à l'état 2
    FLOAT            décalage et aller à l'état 3
    PATH             décalage et aller à l'état 4
    HPATH            décalage et aller à l'état 5
    SPATH            décalage et aller à l'état 6
    URI              décalage et aller à l'état 7
    LET              décalage et aller à l'état 38
    REC              décalage et aller à l'état 12
    IND_STRING_OPEN  décalage et aller à l'état 13
    '-'              décalage et aller à l'état 14
    '{'              décalage et aller à l'état 39
    '!'              décalage et aller à l'état 16
    '"'              décalage et aller à l'état 17
    '('              décalage et aller à l'état 18
    '['              décalage et aller à l'état 19

    expr_op      aller à l'état 111
    expr_app     aller à l'état 25
    expr_select  aller à l'état 26
    expr_simple  aller à l'état 27


État 62

   20 expr_op: expr_op GEQ . expr_op

    ID               décalage et aller à l'état 37
    INT              décalage et aller à l'état 2
    FLOAT            décalage et aller à l'état 3
    PATH             décalage et aller à l'état 4
    HPATH            décalage et aller à l'état 5
    SPATH            décalage et aller à l'état 6
    URI              décalage et aller à l'état 7
    LET              décalage et aller à l'état 38
    REC              décalage et aller à l'état 12
    IND_STRING_OPEN  décalage et aller à l'état 13
    '-'              décalage et aller à l'état 14
    '{'              décalage et aller à l'état 39
    '!'              décalage et aller à l'état 16
    '"'              décalage et aller à l'état 17
    '('              décalage et aller à l'état 18
    '['              décalage et aller à l'état 19

    expr_op      aller à l'état 112
    expr_app     aller à l'état 25
    expr_select  aller à l'état 26
    expr_simple  aller à l'état 27


État 63

   24 expr_op: expr_op UPDATE . expr_op

    ID               décalage et aller à l'état 37
    INT              décalage et aller à l'état 2
    FLOAT            décalage et aller à l'état 3
    PATH             décalage et aller à l'état 4
    HPATH            décalage et aller à l'état 5
    SPATH            décalage et aller à l'état 6
    URI              décalage et aller à l'état 7
    LET              décalage et aller à l'état 38
    REC              décalage et aller à l'état 12
    IND_STRING_OPEN  décalage et aller à l'état 13
    '-'              décalage et aller à l'état 14
    '{'              décalage et aller à l'état 39
    '!'              décalage et aller à l'état 16
    '"'              décalage et aller à l'état 17
    '('              décalage et aller à l'état 18
    '['              décalage et aller à l'état 19

    expr_op      aller à l'état 113
    expr_app     aller à l'état 25
    expr_select  aller à l'état 26
    expr_simple  aller à l'état 27


État 64

   26 expr_op: expr_op '+' . expr_op

    ID               décalage et aller à l'état 37
    INT              décalage et aller à l'état 2
    FLOAT            décalage et aller à l'état 3
    PATH             décalage et aller à l'état 4
    HPATH            décalage et aller à l'état 5
    SPATH            décalage et aller à l'état 6
    URI              décalage et aller à l'état 7
    LET              décalage et aller à l'état 38
    REC              décalage et aller à l'état 12
    IND_STRING_OPEN  décalage et aller à l'état 13
    '-'              décalage et aller à l'état 14
    '{'              décalage et aller à l'état 39
    '!'              décalage et aller à l'état 16
    '"'              décalage et aller à l'état 17
    '('              décalage et aller à l'état 18
    '['              décalage et aller à l'état 19

    expr_op      aller à l'état 114
    expr_app     aller à l'état 25
    expr_select  aller à l'état 26
    expr_simple  aller à l'état 27


État 65

   27 expr_op: expr_op '-' . expr_op

    ID               décalage et aller à l'état 37
    INT              décalage et aller à l'état 2
    FLOAT            décalage et aller à l'état 3
    PATH             décalage et aller à l'état 4
    HPATH            décalage et aller à l'état 5
    SPATH            décalage et aller à l'état 6
    URI              décalage et aller à l'état 7
    LET              décalage et aller à l'état 38
    REC              décalage et aller à l'état 12
    IND_STRING_OPEN  décalage et aller à l'état 13
    '-'              décalage et aller à l'état 14
    '{'              décalage et aller à l'état 39
    '!'              décalage et aller à l'état 16
    '"'              décalage et aller à l'état 17
    '('              décalage et aller à l'état 18
    '['              décalage et aller à l'état 19

    expr_op      aller à l'état 115
    expr_app     aller à l'état 25
    expr_select  aller à l'état 26
    expr_simple  aller à l'état 27


État 66

   28 expr_op: expr_op '*' . expr_op

    ID               décalage et aller à l'état 37
    INT              décalage et aller à l'état 2
    FLOAT            décalage et aller à l'état 3
    PATH             décalage et aller à l'état 4
    HPATH            décalage et aller à l'état 5
    SPATH            décalage et aller à l'état 6
    URI              décalage et aller à l'état 7
    LET              décalage et aller à l'état 38
    REC              décalage et aller à l'état 12
    IND_STRING_OPEN  décalage et aller à l'état 13
    '-'              décalage et aller à l'état 14
    '{'              décalage et aller à l'état 39
    '!'              décalage et aller à l'état 16
    '"'              décalage et aller à l'état 17
    '('              décalage et aller à l'état 18
    '['              décalage et aller à l'état 19

    expr_op      aller à l'état 116
    expr_app     aller à l'état 25
    expr_select  aller à l'état 26
    expr_simple  aller à l'état 27


État 67

   29 expr_op: expr_op '/' . expr_op

    ID               décalage et aller à l'état 37
    INT              décalage et aller à l'état 2
    FLOAT            décalage et aller à l'état 3
    PATH             décalage et aller à l'état 4
    HPATH            décalage et aller à l'état 5
    SPATH            décalage et aller à l'état 6
    URI              décalage et aller à l'état 7
    LET              décalage et aller à l'état 38
    REC              décalage et aller à l'état 12
    IND_STRING_OPEN  décalage et aller à l'état 13
    '-'              décalage et aller à l'état 14
    '{'              décalage et aller à l'état 39
    '!'              décalage et aller à l'état 16
    '"'              décalage et aller à l'état 17
    '('              décalage et aller à l'état 18
    '['              décalage et aller à l'état 19

    expr_op      aller à l'état 117
    expr_app     aller à l'état 25
    expr_select  aller à l'état 26
    expr_simple  aller à l'état 27


État 68

   30 expr_op: expr_op CONCAT . expr_op

    ID               décalage et aller à l'état 37
    INT              décalage et aller à l'état 2
    FLOAT            décalage et aller à l'état 3
    PATH             décalage et aller à l'état 4
    HPATH            décalage et aller à l'état 5
    SPATH            décalage et aller à l'état 6
    URI              décalage et aller à l'état 7
    LET              décalage et aller à l'état 38
    REC              décalage et aller à l'état 12
    IND_STRING_OPEN  décalage et aller à l'état 13
    '-'              décalage et aller à l'état 14
    '{'              décalage et aller à l'état 39
    '!'              décalage et aller à l'état 16
    '"'              décalage et aller à l'état 17
    '('              décalage et aller à l'état 18
    '['              décalage et aller à l'état 19

    expr_op      aller à l'état 118
    expr_app     aller à l'état 25
    expr_select  aller à l'état 26
    expr_simple  aller à l'état 27


État 69

   25 expr_op: expr_op '?' . attrpath

    ID            décalage et aller à l'état 79
    OR_KW         décalage et aller à l'état 82
    DOLLAR_CURLY  décalage et aller à l'état 83
    '"'           décalage et aller à l'état 84

    attrpath     aller à l'état 119
    attr         aller à l'état 86
    string_attr  aller à l'état 87


État 70

   32 expr_app: expr_app expr_select .

    $défaut  réduction par utilisation de la règle 32 (expr_app)


État 71

   36 expr_select: expr_simple OR_KW .

    $défaut  réduction par utilisation de la règle 36 (expr_select)


État 72

   34 expr_select: expr_simple '.' . attrpath
   35            | expr_simple '.' . attrpath OR_KW expr_select

    ID            décalage et aller à l'état 79
    OR_KW         décalage et aller à l'état 82
    DOLLAR_CURLY  décalage et aller à l'état 83
    '"'           décalage et aller à l'état 84

    attrpath     aller à l'état 120
    attr         aller à l'état 86
    string_attr  aller à l'état 87


État 73

    3 expr_function: ID ':' expr_function .

    $défaut  réduction par utilisation de la règle 3 (expr_function)


État 74

    6 expr_function: ID '@' '{' . formals '}' ':' expr_function

    ID        décalage et aller à l'état 41
    ELLIPSIS  décalage et aller à l'état 42

    $défaut  réduction par utilisation de la règle 81 (formals)

    formals  aller à l'état 121
    formal   aller à l'état 45


État 75

   11 expr_if: IF expr THEN . expr ELSE expr

    ID               décalage et aller à l'état 1
    INT              décalage et aller à l'état 2
    FLOAT            décalage et aller à l'état 3
    PATH             décalage et aller à l'état 4
    HPATH            décalage et aller à l'état 5
    SPATH            décalage et aller à l'état 6
    URI              décalage et aller à l'état 7
    IF               décalage et aller à l'état 8
    ASSERT           décalage et aller à l'état 9
    WITH             décalage et aller à l'état 10
    LET              décalage et aller à l'état 11
    REC              décalage et aller à l'état 12
    IND_STRING_OPEN  décalage et aller à l'état 13
    '-'              décalage et aller à l'état 14
    '{'              décalage et aller à l'état 15
    '!'              décalage et aller à l'état 16
    '"'              décalage et aller à l'état 17
    '('              décalage et aller à l'état 18
    '['              décalage et aller à l'état 19

    expr           aller à l'état 122
    expr_function  aller à l'état 22
    expr_if        aller à l'état 23
    expr_op        aller à l'état 24
    expr_app       aller à l'état 25
    expr_select    aller à l'état 26
    expr_simple    aller à l'état 27


État 76

    7 expr_function: ASSERT expr ';' . expr_function

    ID               décalage et aller à l'état 1
    INT              décalage et aller à l'état 2
    FLOAT            décalage et aller à l'état 3
    PATH             décalage et aller à l'état 4
    HPATH            décalage et aller à l'état 5
    SPATH            décalage et aller à l'état 6
    URI              décalage et aller à l'état 7
    IF               décalage et aller à l'état 8
    ASSERT           décalage et aller à l'état 9
    WITH             décalage et aller à l'état 10
    LET              décalage et aller à l'état 11
    REC              décalage et aller à l'état 12
    IND_STRING_OPEN  décalage et aller à l'état 13
    '-'              décalage et aller à l'état 14
    '{'              décalage et aller à l'état 15
    '!'              décalage et aller à l'état 16
    '"'              décalage et aller à l'état 17
    '('              décalage et aller à l'état 18
    '['              décalage et aller à l'état 19

    expr_function  aller à l'état 123
    expr_if        aller à l'état 23
    expr_op        aller à l'état 24
    expr_app       aller à l'état 25
    expr_select    aller à l'état 26
    expr_simple    aller à l'état 27


État 77

    8 expr_function: WITH expr ';' . expr_function

    ID               décalage et aller à l'état 1
    INT              décalage et aller à l'état 2
    FLOAT            décalage et aller à l'état 3
    PATH             décalage et aller à l'état 4
    HPATH            décalage et aller à l'état 5
    SPATH            décalage et aller à l'état 6
    URI              décalage et aller à l'état 7
    IF               décalage et aller à l'état 8
    ASSERT           décalage et aller à l'état 9
    WITH             décalage et aller à l'état 10
    LET              décalage et aller à l'état 11
    REC              décalage et aller à l'état 12
    IND_STRING_OPEN  décalage et aller à l'état 13
    '-'              décalage et aller à l'état 14
    '{'              décalage et aller à l'état 15
    '!'              décalage et aller à l'état 16
    '"'              décalage et aller à l'état 17
    '('              décalage et aller à l'état 18
    '['              décalage et aller à l'état 19

    expr_function  aller à l'état 124
    expr_if        aller à l'état 23
    expr_op        aller à l'état 24
    expr_app       aller à l'état 25
    expr_select    aller à l'état 26
    expr_simple    aller à l'état 27


État 78

   48 expr_simple: LET '{' binds . '}'
   62 binds: binds . attrpath '=' expr ';'
   63      | binds . INHERIT attrs ';'
   64      | binds . INHERIT '(' expr ')' attrs ';'

    ID            décalage et aller à l'état 79
    INHERIT       décalage et aller à l'état 81
    OR_KW         décalage et aller à l'état 82
    DOLLAR_CURLY  décalage et aller à l'état 83
    '}'           décalage et aller à l'état 125
    '"'           décalage et aller à l'état 84

    attrpath     aller à l'état 85
    attr         aller à l'état 86
    string_attr  aller à l'état 87


État 79

   73 attr: ID .

    $défaut  réduction par utilisation de la règle 73 (attr)


État 80

    9 expr_function: LET binds IN . expr_function

    ID               décalage et aller à l'état 1
    INT              décalage et aller à l'état 2
    FLOAT            décalage et aller à l'état 3
    PATH             décalage et aller à l'état 4
    HPATH            décalage et aller à l'état 5
    SPATH            décalage et aller à l'état 6
    URI              décalage et aller à l'état 7
    IF               décalage et aller à l'état 8
    ASSERT           décalage et aller à l'état 9
    WITH             décalage et aller à l'état 10
    LET              décalage et aller à l'état 11
    REC              décalage et aller à l'état 12
    IND_STRING_OPEN  décalage et aller à l'état 13
    '-'              décalage et aller à l'état 14
    '{'              décalage et aller à l'état 15
    '!'              décalage et aller à l'état 16
    '"'              décalage et aller à l'état 17
    '('              décalage et aller à l'état 18
    '['              décalage et aller à l'état 19

    expr_function  aller à l'état 126
    expr_if        aller à l'état 23
    expr_op        aller à l'état 24
    expr_app       aller à l'état 25
    expr_select    aller à l'état 26
    expr_simple    aller à l'état 27


État 81

   63 binds: binds INHERIT . attrs ';'
   64      | binds INHERIT . '(' expr ')' attrs ';'

    '('  décalage et aller à l'état 127

    $défaut  réduction par utilisation de la règle 68 (attrs)

    attrs  aller à l'état 128


État 82

   74 attr: OR_KW .

    $défaut  réduction par utilisation de la règle 74 (attr)


État 83

   76 string_attr: DOLLAR_CURLY . expr '}'

    ID               décalage et aller à l'état 1
    INT              décalage et aller à l'état 2
    FLOAT            décalage et aller à l'état 3
    PATH             décalage et aller à l'état 4
    HPATH            décalage et aller à l'état 5
    SPATH            décalage et aller à l'état 6
    URI              décalage et aller à l'état 7
    IF               décalage et aller à l'état 8
    ASSERT           décalage et aller à l'état 9
    WITH             décalage et aller à l'état 10
    LET              décalage et aller à l'état 11
    REC              décalage et aller à l'état 12
    IND_STRING_OPEN  décalage et aller à l'état 13
    '-'              décalage et aller à l'état 14
    '{'              décalage et aller à l'état 15
    '!'              décalage et aller à l'état 16
    '"'              décalage et aller à l'état 17
    '('              décalage et aller à l'état 18
    '['              décalage et aller à l'état 19

    expr           aller à l'état 129
    expr_function  aller à l'état 22
    expr_if        aller à l'état 23
    expr_op        aller à l'état 24
    expr_app       aller à l'état 25
    expr_select    aller à l'état 26
    expr_simple    aller à l'état 27


État 84

   75 string_attr: '"' . string_parts '"'

    STR           décalage et aller à l'état 47
    DOLLAR_CURLY  décalage et aller à l'état 48

    $défaut  réduction par utilisation de la règle 54 (string_parts)

    string_parts               aller à l'état 130
    string_parts_interpolated  aller à l'état 50


État 85

   62 binds: binds attrpath . '=' expr ';'
   69 attrpath: attrpath . '.' attr
   70         | attrpath . '.' string_attr

    '.'  décalage et aller à l'état 131
    '='  décalage et aller à l'état 132


État 86

   71 attrpath: attr .

    $défaut  réduction par utilisation de la règle 71 (attrpath)


État 87

   72 attrpath: string_attr .

    $défaut  réduction par utilisation de la règle 72 (attrpath)


État 88

   49 expr_simple: REC '{' binds . '}'
   62 binds: binds . attrpath '=' expr ';'
   63      | binds . INHERIT attrs ';'
   64      | binds . INHERIT '(' expr ')' attrs ';'

    ID            décalage et aller à l'état 79
    INHERIT       décalage et aller à l'état 81
    OR_KW         décalage et aller à l'état 82
    DOLLAR_CURLY  décalage et aller à l'état 83
    '}'           décalage et aller à l'état 133
    '"'           décalage et aller à l'état 84

    attrpath     aller à l'état 85
    attr         aller à l'état 86
    string_attr  aller à l'état 87


État 89

   59 ind_string_parts: ind_string_parts IND_STR .

    $défaut  réduction par utilisation de la règle 59 (ind_string_parts)


État 90

   60 ind_string_parts: ind_string_parts DOLLAR_CURLY . expr '}'

    ID               décalage et aller à l'état 1
    INT              décalage et aller à l'état 2
    FLOAT            décalage et aller à l'état 3
    PATH             décalage et aller à l'état 4
    HPATH            décalage et aller à l'état 5
    SPATH            décalage et aller à l'état 6
    URI              décalage et aller à l'état 7
    IF               décalage et aller à l'état 8
    ASSERT           décalage et aller à l'état 9
    WITH             décalage et aller à l'état 10
    LET              décalage et aller à l'état 11
    REC              décalage et aller à l'état 12
    IND_STRING_OPEN  décalage et aller à l'état 13
    '-'              décalage et aller à l'état 14
    '{'              décalage et aller à l'état 15
    '!'              décalage et aller à l'état 16
    '"'              décalage et aller à l'état 17
    '('              décalage et aller à l'état 18
    '['              décalage et aller à l'état 19

    expr           aller à l'état 134
    expr_function  aller à l'état 22
    expr_if        aller à l'état 23
    expr_op        aller à l'état 24
    expr_app       aller à l'état 25
    expr_select    aller à l'état 26
    expr_simple    aller à l'état 27


État 91

   42 expr_simple: IND_STRING_OPEN ind_string_parts IND_STRING_CLOSE .

    $défaut  réduction par utilisation de la règle 42 (expr_simple)


État 92

   84 formal: ID '?' . expr

    ID               décalage et aller à l'état 1
    INT              décalage et aller à l'état 2
    FLOAT            décalage et aller à l'état 3
    PATH             décalage et aller à l'état 4
    HPATH            décalage et aller à l'état 5
    SPATH            décalage et aller à l'état 6
    URI              décalage et aller à l'état 7
    IF               décalage et aller à l'état 8
    ASSERT           décalage et aller à l'état 9
    WITH             décalage et aller à l'état 10
    LET              décalage et aller à l'état 11
    REC              décalage et aller à l'état 12
    IND_STRING_OPEN  décalage et aller à l'état 13
    '-'              décalage et aller à l'état 14
    '{'              décalage et aller à l'état 15
    '!'              décalage et aller à l'état 16
    '"'              décalage et aller à l'état 17
    '('              décalage et aller à l'état 18
    '['              décalage et aller à l'état 19

    expr           aller à l'état 135
    expr_function  aller à l'état 22
    expr_if        aller à l'état 23
    expr_op        aller à l'état 24
    expr_app       aller à l'état 25
    expr_select    aller à l'état 26
    expr_simple    aller à l'état 27


État 93

   50 expr_simple: '{' binds '}' .

    $défaut  réduction par utilisation de la règle 50 (expr_simple)


État 94

    4 expr_function: '{' formals '}' . ':' expr_function
    5              | '{' formals '}' . '@' ID ':' expr_function

    ':'  décalage et aller à l'état 136
    '@'  décalage et aller à l'état 137


État 95

   79 formals: formal ',' . formals

    ID        décalage et aller à l'état 41
    ELLIPSIS  décalage et aller à l'état 42

    $défaut  réduction par utilisation de la règle 81 (formals)

    formals  aller à l'état 138
    formal   aller à l'état 45


État 96

   58 string_parts_interpolated: STR DOLLAR_CURLY . expr '}'

    ID               décalage et aller à l'état 1
    INT              décalage et aller à l'état 2
    FLOAT            décalage et aller à l'état 3
    PATH             décalage et aller à l'état 4
    HPATH            décalage et aller à l'état 5
    SPATH            décalage et aller à l'état 6
    URI              décalage et aller à l'état 7
    IF               décalage et aller à l'état 8
    ASSERT           décalage et aller à l'état 9
    WITH             décalage et aller à l'état 10
    LET              décalage et aller à l'état 11
    REC              décalage et aller à l'état 12
    IND_STRING_OPEN  décalage et aller à l'état 13
    '-'              décalage et aller à l'état 14
    '{'              décalage et aller à l'état 15
    '!'              décalage et aller à l'état 16
    '"'              décalage et aller à l'état 17
    '('              décalage et aller à l'état 18
    '['              décalage et aller à l'état 19

    expr           aller à l'état 139
    expr_function  aller à l'état 22
    expr_if        aller à l'état 23
    expr_op        aller à l'état 24
    expr_app       aller à l'état 25
    expr_select    aller à l'état 26
    expr_simple    aller à l'état 27


État 97

   57 string_parts_interpolated: DOLLAR_CURLY expr . '}'

    '}'  décalage et aller à l'état 140


État 98

   41 expr_simple: '"' string_parts '"' .

    $défaut  réduction par utilisation de la règle 41 (expr_simple)


État 99

   55 string_parts_interpolated: string_parts_interpolated STR .

    $défaut  réduction par utilisation de la règle 55 (string_parts_interpolated)


État 100

   56 string_parts_interpolated: string_parts_interpolated DOLLAR_CURLY . expr '}'

    ID               décalage et aller à l'état 1
    INT              décalage et aller à l'état 2
    FLOAT            décalage et aller à l'état 3
    PATH             décalage et aller à l'état 4
    HPATH            décalage et aller à l'état 5
    SPATH            décalage et aller à l'état 6
    URI              décalage et aller à l'état 7
    IF               décalage et aller à l'état 8
    ASSERT           décalage et aller à l'état 9
    WITH             décalage et aller à l'état 10
    LET              décalage et aller à l'état 11
    REC              décalage et aller à l'état 12
    IND_STRING_OPEN  décalage et aller à l'état 13
    '-'              décalage et aller à l'état 14
    '{'              décalage et aller à l'état 15
    '!'              décalage et aller à l'état 16
    '"'              décalage et aller à l'état 17
    '('              décalage et aller à l'état 18
    '['              décalage et aller à l'état 19

    expr           aller à l'état 141
    expr_function  aller à l'état 22
    expr_if        aller à l'état 23
    expr_op        aller à l'état 24
    expr_app       aller à l'état 25
    expr_select    aller à l'état 26
    expr_simple    aller à l'état 27


État 101

   47 expr_simple: '(' expr ')' .

    $défaut  réduction par utilisation de la règle 47 (expr_simple)


État 102

   51 expr_simple: '[' expr_list ']' .

    $défaut  réduction par utilisation de la règle 51 (expr_simple)


État 103

   77 expr_list: expr_list expr_select .

    $défaut  réduction par utilisation de la règle 77 (expr_list)


État 104

   15 expr_op: expr_op . EQ expr_op
   15        | expr_op EQ expr_op .
   16        | expr_op . NEQ expr_op
   17        | expr_op . '<' expr_op
   18        | expr_op . LEQ expr_op
   19        | expr_op . '>' expr_op
   20        | expr_op . GEQ expr_op
   21        | expr_op . AND expr_op
   22        | expr_op . OR expr_op
   23        | expr_op . IMPL expr_op
   24        | expr_op . UPDATE expr_op
   25        | expr_op . '?' attrpath
   26        | expr_op . '+' expr_op
   27        | expr_op . '-' expr_op
   28        | expr_op . '*' expr_op
   29        | expr_op . '/' expr_op
   30        | expr_op . CONCAT expr_op

    '<'     décalage et aller à l'état 59
    '>'     décalage et aller à l'état 60
    LEQ     décalage et aller à l'état 61
    GEQ     décalage et aller à l'état 62
    UPDATE  décalage et aller à l'état 63
    '+'     décalage et aller à l'état 64
    '-'     décalage et aller à l'état 65
    '*'     décalage et aller à l'état 66
    '/'     décalage et aller à l'état 67
    CONCAT  décalage et aller à l'état 68
    '?'     décalage et aller à l'état 69

    EQ   erreur (non-associative)
    NEQ  erreur (non-associative)

    $défaut  réduction par utilisation de la règle 15 (expr_op)


État 105

   15 expr_op: expr_op . EQ expr_op
   16        | expr_op . NEQ expr_op
   16        | expr_op NEQ expr_op .
   17        | expr_op . '<' expr_op
   18        | expr_op . LEQ expr_op
   19        | expr_op . '>' expr_op
   20        | expr_op . GEQ expr_op
   21        | expr_op . AND expr_op
   22        | expr_op . OR expr_op
   23        | expr_op . IMPL expr_op
   24        | expr_op . UPDATE expr_op
   25        | expr_op . '?' attrpath
   26        | expr_op . '+' expr_op
   27        | expr_op . '-' expr_op
   28        | expr_op . '*' expr_op
   29        | expr_op . '/' expr_op
   30        | expr_op . CONCAT expr_op

    '<'     décalage et aller à l'état 59
    '>'     décalage et aller à l'état 60
    LEQ     décalage et aller à l'état 61
    GEQ     décalage et aller à l'état 62
    UPDATE  décalage et aller à l'état 63
    '+'     décalage et aller à l'état 64
    '-'     décalage et aller à l'état 65
    '*'     décalage et aller à l'état 66
    '/'     décalage et aller à l'état 67
    CONCAT  décalage et aller à l'état 68
    '?'     décalage et aller à l'état 69

    EQ   erreur (non-associative)
    NEQ  erreur (non-associative)

    $défaut  réduction par utilisation de la règle 16 (expr_op)


État 106

   15 expr_op: expr_op . EQ expr_op
   16        | expr_op . NEQ expr_op
   17        | expr_op . '<' expr_op
   18        | expr_op . LEQ expr_op
   19        | expr_op . '>' expr_op
   20        | expr_op . GEQ expr_op
   21        | expr_op . AND expr_op
   21        | expr_op AND expr_op .
   22        | expr_op . OR expr_op
   23        | expr_op . IMPL expr_op
   24        | expr_op . UPDATE expr_op
   25        | expr_op . '?' attrpath
   26        | expr_op . '+' expr_op
   27        | expr_op . '-' expr_op
   28        | expr_op . '*' expr_op
   29        | expr_op . '/' expr_op
   30        | expr_op . CONCAT expr_op

    EQ      décalage et aller à l'état 54
    NEQ     décalage et aller à l'état 55
    '<'     décalage et aller à l'état 59
    '>'     décalage et aller à l'état 60
    LEQ     décalage et aller à l'état 61
    GEQ     décalage et aller à l'état 62
    UPDATE  décalage et aller à l'état 63
    '+'     décalage et aller à l'état 64
    '-'     décalage et aller à l'état 65
    '*'     décalage et aller à l'état 66
    '/'     décalage et aller à l'état 67
    CONCAT  décalage et aller à l'état 68
    '?'     décalage et aller à l'état 69

    $défaut  réduction par utilisation de la règle 21 (expr_op)


État 107

   15 expr_op: expr_op . EQ expr_op
   16        | expr_op . NEQ expr_op
   17        | expr_op . '<' expr_op
   18        | expr_op . LEQ expr_op
   19        | expr_op . '>' expr_op
   20        | expr_op . GEQ expr_op
   21        | expr_op . AND expr_op
   22        | expr_op . OR expr_op
   22        | expr_op OR expr_op .
   23        | expr_op . IMPL expr_op
   24        | expr_op . UPDATE expr_op
   25        | expr_op . '?' attrpath
   26        | expr_op . '+' expr_op
   27        | expr_op . '-' expr_op
   28        | expr_op . '*' expr_op
   29        | expr_op . '/' expr_op
   30        | expr_op . CONCAT expr_op

    EQ      décalage et aller à l'état 54
    NEQ     décalage et aller à l'état 55
    AND     décalage et aller à l'état 56
    '<'     décalage et aller à l'état 59
    '>'     décalage et aller à l'état 60
    LEQ     décalage et aller à l'état 61
    GEQ     décalage et aller à l'état 62
    UPDATE  décalage et aller à l'état 63
    '+'     décalage et aller à l'état 64
    '-'     décalage et aller à l'état 65
    '*'     décalage et aller à l'état 66
    '/'     décalage et aller à l'état 67
    CONCAT  décalage et aller à l'état 68
    '?'     décalage et aller à l'état 69

    $défaut  réduction par utilisation de la règle 22 (expr_op)


État 108

   15 expr_op: expr_op . EQ expr_op
   16        | expr_op . NEQ expr_op
   17        | expr_op . '<' expr_op
   18        | expr_op . LEQ expr_op
   19        | expr_op . '>' expr_op
   20        | expr_op . GEQ expr_op
   21        | expr_op . AND expr_op
   22        | expr_op . OR expr_op
   23        | expr_op . IMPL expr_op
   23        | expr_op IMPL expr_op .
   24        | expr_op . UPDATE expr_op
   25        | expr_op . '?' attrpath
   26        | expr_op . '+' expr_op
   27        | expr_op . '-' expr_op
   28        | expr_op . '*' expr_op
   29        | expr_op . '/' expr_op
   30        | expr_op . CONCAT expr_op

    EQ      décalage et aller à l'état 54
    NEQ     décalage et aller à l'état 55
    AND     décalage et aller à l'état 56
    OR      décalage et aller à l'état 57
    '<'     décalage et aller à l'état 59
    '>'     décalage et aller à l'état 60
    LEQ     décalage et aller à l'état 61
    GEQ     décalage et aller à l'état 62
    UPDATE  décalage et aller à l'état 63
    '+'     décalage et aller à l'état 64
    '-'     décalage et aller à l'état 65
    '*'     décalage et aller à l'état 66
    '/'     décalage et aller à l'état 67
    CONCAT  décalage et aller à l'état 68
    '?'     décalage et aller à l'état 69

    IMPL  erreur (non-associative)

    $défaut  réduction par utilisation de la règle 23 (expr_op)


État 109

   15 expr_op: expr_op . EQ expr_op
   16        | expr_op . NEQ expr_op
   17        | expr_op . '<' expr_op
   17        | expr_op '<' expr_op .
   18        | expr_op . LEQ expr_op
   19        | expr_op . '>' expr_op
   20        | expr_op . GEQ expr_op
   21        | expr_op . AND expr_op
   22        | expr_op . OR expr_op
   23        | expr_op . IMPL expr_op
   24        | expr_op . UPDATE expr_op
   25        | expr_op . '?' attrpath
   26        | expr_op . '+' expr_op
   27        | expr_op . '-' expr_op
   28        | expr_op . '*' expr_op
   29        | expr_op . '/' expr_op
   30        | expr_op . CONCAT expr_op

    UPDATE  décalage et aller à l'état 63
    '+'     décalage et aller à l'état 64
    '-'     décalage et aller à l'état 65
    '*'     décalage et aller à l'état 66
    '/'     décalage et aller à l'état 67
    CONCAT  décalage et aller à l'état 68
    '?'     décalage et aller à l'état 69

    $défaut  réduction par utilisation de la règle 17 (expr_op)


État 110

   15 expr_op: expr_op . EQ expr_op
   16        | expr_op . NEQ expr_op
   17        | expr_op . '<' expr_op
   18        | expr_op . LEQ expr_op
   19        | expr_op . '>' expr_op
   19        | expr_op '>' expr_op .
   20        | expr_op . GEQ expr_op
   21        | expr_op . AND expr_op
   22        | expr_op . OR expr_op
   23        | expr_op . IMPL expr_op
   24        | expr_op . UPDATE expr_op
   25        | expr_op . '?' attrpath
   26        | expr_op . '+' expr_op
   27        | expr_op . '-' expr_op
   28        | expr_op . '*' expr_op
   29        | expr_op . '/' expr_op
   30        | expr_op . CONCAT expr_op

    UPDATE  décalage et aller à l'état 63
    '+'     décalage et aller à l'état 64
    '-'     décalage et aller à l'état 65
    '*'     décalage et aller à l'état 66
    '/'     décalage et aller à l'état 67
    CONCAT  décalage et aller à l'état 68
    '?'     décalage et aller à l'état 69

    $défaut  réduction par utilisation de la règle 19 (expr_op)


État 111

   15 expr_op: expr_op . EQ expr_op
   16        | expr_op . NEQ expr_op
   17        | expr_op . '<' expr_op
   18        | expr_op . LEQ expr_op
   18        | expr_op LEQ expr_op .
   19        | expr_op . '>' expr_op
   20        | expr_op . GEQ expr_op
   21        | expr_op . AND expr_op
   22        | expr_op . OR expr_op
   23        | expr_op . IMPL expr_op
   24        | expr_op . UPDATE expr_op
   25        | expr_op . '?' attrpath
   26        | expr_op . '+' expr_op
   27        | expr_op . '-' expr_op
   28        | expr_op . '*' expr_op
   29        | expr_op . '/' expr_op
   30        | expr_op . CONCAT expr_op

    UPDATE  décalage et aller à l'état 63
    '+'     décalage et aller à l'état 64
    '-'     décalage et aller à l'état 65
    '*'     décalage et aller à l'état 66
    '/'     décalage et aller à l'état 67
    CONCAT  décalage et aller à l'état 68
    '?'     décalage et aller à l'état 69

    $défaut  réduction par utilisation de la règle 18 (expr_op)


État 112

   15 expr_op: expr_op . EQ expr_op
   16        | expr_op . NEQ expr_op
   17        | expr_op . '<' expr_op
   18        | expr_op . LEQ expr_op
   19        | expr_op . '>' expr_op
   20        | expr_op . GEQ expr_op
   20        | expr_op GEQ expr_op .
   21        | expr_op . AND expr_op
   22        | expr_op . OR expr_op
   23        | expr_op . IMPL expr_op
   24        | expr_op . UPDATE expr_op
   25        | expr_op . '?' attrpath
   26        | expr_op . '+' expr_op
   27        | expr_op . '-' expr_op
   28        | expr_op . '*' expr_op
   29        | expr_op . '/' expr_op
   30        | expr_op . CONCAT expr_op

    UPDATE  décalage et aller à l'état 63
    '+'     décalage et aller à l'état 64
    '-'     décalage et aller à l'état 65
    '*'     décalage et aller à l'état 66
    '/'     décalage et aller à l'état 67
    CONCAT  décalage et aller à l'état 68
    '?'     décalage et aller à l'état 69

    $défaut  réduction par utilisation de la règle 20 (expr_op)


État 113

   15 expr_op: expr_op . EQ expr_op
   16        | expr_op . NEQ expr_op
   17        | expr_op . '<' expr_op
   18        | expr_op . LEQ expr_op
   19        | expr_op . '>' expr_op
   20        | expr_op . GEQ expr_op
   21        | expr_op . AND expr_op
   22        | expr_op . OR expr_op
   23        | expr_op . IMPL expr_op
   24        | expr_op . UPDATE expr_op
   24        | expr_op UPDATE expr_op .
   25        | expr_op . '?' attrpath
   26        | expr_op . '+' expr_op
   27        | expr_op . '-' expr_op
   28        | expr_op . '*' expr_op
   29        | expr_op . '/' expr_op
   30        | expr_op . CONCAT expr_op

    UPDATE  décalage et aller à l'état 63
    '+'     décalage et aller à l'état 64
    '-'     décalage et aller à l'état 65
    '*'     décalage et aller à l'état 66
    '/'     décalage et aller à l'état 67
    CONCAT  décalage et aller à l'état 68
    '?'     décalage et aller à l'état 69

    $défaut  réduction par utilisation de la règle 24 (expr_op)


État 114

   15 expr_op: expr_op . EQ expr_op
   16        | expr_op . NEQ expr_op
   17        | expr_op . '<' expr_op
   18        | expr_op . LEQ expr_op
   19        | expr_op . '>' expr_op
   20        | expr_op . GEQ expr_op
   21        | expr_op . AND expr_op
   22        | expr_op . OR expr_op
   23        | expr_op . IMPL expr_op
   24        | expr_op . UPDATE expr_op
   25        | expr_op . '?' attrpath
   26        | expr_op . '+' expr_op
   26        | expr_op '+' expr_op .
   27        | expr_op . '-' expr_op
   28        | expr_op . '*' expr_op
   29        | expr_op . '/' expr_op
   30        | expr_op . CONCAT expr_op

    '*'     décalage et aller à l'état 66
    '/'     décalage et aller à l'état 67
    CONCAT  décalage et aller à l'état 68
    '?'     décalage et aller à l'état 69

    $défaut  réduction par utilisation de la règle 26 (expr_op)


État 115

   15 expr_op: expr_op . EQ expr_op
   16        | expr_op . NEQ expr_op
   17        | expr_op . '<' expr_op
   18        | expr_op . LEQ expr_op
   19        | expr_op . '>' expr_op
   20        | expr_op . GEQ expr_op
   21        | expr_op . AND expr_op
   22        | expr_op . OR expr_op
   23        | expr_op . IMPL expr_op
   24        | expr_op . UPDATE expr_op
   25        | expr_op . '?' attrpath
   26        | expr_op . '+' expr_op
   27        | expr_op . '-' expr_op
   27        | expr_op '-' expr_op .
   28        | expr_op . '*' expr_op
   29        | expr_op . '/' expr_op
   30        | expr_op . CONCAT expr_op

    '*'     décalage et aller à l'état 66
    '/'     décalage et aller à l'état 67
    CONCAT  décalage et aller à l'état 68
    '?'     décalage et aller à l'état 69

    $défaut  réduction par utilisation de la règle 27 (expr_op)


État 116

   15 expr_op: expr_op . EQ expr_op
   16        | expr_op . NEQ expr_op
   17        | expr_op . '<' expr_op
   18        | expr_op . LEQ expr_op
   19        | expr_op . '>' expr_op
   20        | expr_op . GEQ expr_op
   21        | expr_op . AND expr_op
   22        | expr_op . OR expr_op
   23        | expr_op . IMPL expr_op
   24        | expr_op . UPDATE expr_op
   25        | expr_op . '?' attrpath
   26        | expr_op . '+' expr_op
   27        | expr_op . '-' expr_op
   28        | expr_op . '*' expr_op
   28        | expr_op '*' expr_op .
   29        | expr_op . '/' expr_op
   30        | expr_op . CONCAT expr_op

    CONCAT  décalage et aller à l'état 68
    '?'     décalage et aller à l'état 69

    $défaut  réduction par utilisation de la règle 28 (expr_op)


État 117

   15 expr_op: expr_op . EQ expr_op
   16        | expr_op . NEQ expr_op
   17        | expr_op . '<' expr_op
   18        | expr_op . LEQ expr_op
   19        | expr_op . '>' expr_op
   20        | expr_op . GEQ expr_op
   21        | expr_op . AND expr_op
   22        | expr_op . OR expr_op
   23        | expr_op . IMPL expr_op
   24        | expr_op . UPDATE expr_op
   25        | expr_op . '?' attrpath
   26        | expr_op . '+' expr_op
   27        | expr_op . '-' expr_op
   28        | expr_op . '*' expr_op
   29        | expr_op . '/' expr_op
   29        | expr_op '/' expr_op .
   30        | expr_op . CONCAT expr_op

    CONCAT  décalage et aller à l'état 68
    '?'     décalage et aller à l'état 69

    $défaut  réduction par utilisation de la règle 29 (expr_op)


État 118

   15 expr_op: expr_op . EQ expr_op
   16        | expr_op . NEQ expr_op
   17        | expr_op . '<' expr_op
   18        | expr_op . LEQ expr_op
   19        | expr_op . '>' expr_op
   20        | expr_op . GEQ expr_op
   21        | expr_op . AND expr_op
   22        | expr_op . OR expr_op
   23        | expr_op . IMPL expr_op
   24        | expr_op . UPDATE expr_op
   25        | expr_op . '?' attrpath
   26        | expr_op . '+' expr_op
   27        | expr_op . '-' expr_op
   28        | expr_op . '*' expr_op
   29        | expr_op . '/' expr_op
   30        | expr_op . CONCAT expr_op
   30        | expr_op CONCAT expr_op .

    CONCAT  décalage et aller à l'état 68
    '?'     décalage et aller à l'état 69

    $défaut  réduction par utilisation de la règle 30 (expr_op)


État 119

   25 expr_op: expr_op '?' attrpath .
   69 attrpath: attrpath . '.' attr
   70         | attrpath . '.' string_attr

    '.'  décalage et aller à l'état 131

    $défaut  réduction par utilisation de la règle 25 (expr_op)


État 120

   34 expr_select: expr_simple '.' attrpath .
   35            | expr_simple '.' attrpath . OR_KW expr_select
   69 attrpath: attrpath . '.' attr
   70         | attrpath . '.' string_attr

    OR_KW  décalage et aller à l'état 142
    '.'    décalage et aller à l'état 131

    $défaut  réduction par utilisation de la règle 34 (expr_select)


État 121

    6 expr_function: ID '@' '{' formals . '}' ':' expr_function

    '}'  décalage et aller à l'état 143


État 122

   11 expr_if: IF expr THEN expr . ELSE expr

    ELSE  décalage et aller à l'état 144


État 123

    7 expr_function: ASSERT expr ';' expr_function .

    $défaut  réduction par utilisation de la règle 7 (expr_function)


État 124

    8 expr_function: WITH expr ';' expr_function .

    $défaut  réduction par utilisation de la règle 8 (expr_function)


État 125

   48 expr_simple: LET '{' binds '}' .

    $défaut  réduction par utilisation de la règle 48 (expr_simple)


État 126

    9 expr_function: LET binds IN expr_function .

    $défaut  réduction par utilisation de la règle 9 (expr_function)


État 127

   64 binds: binds INHERIT '(' . expr ')' attrs ';'

    ID               décalage et aller à l'état 1
    INT              décalage et aller à l'état 2
    FLOAT            décalage et aller à l'état 3
    PATH             décalage et aller à l'état 4
    HPATH            décalage et aller à l'état 5
    SPATH            décalage et aller à l'état 6
    URI              décalage et aller à l'état 7
    IF               décalage et aller à l'état 8
    ASSERT           décalage et aller à l'état 9
    WITH             décalage et aller à l'état 10
    LET              décalage et aller à l'état 11
    REC              décalage et aller à l'état 12
    IND_STRING_OPEN  décalage et aller à l'état 13
    '-'              décalage et aller à l'état 14
    '{'              décalage et aller à l'état 15
    '!'              décalage et aller à l'état 16
    '"'              décalage et aller à l'état 17
    '('              décalage et aller à l'état 18
    '['              décalage et aller à l'état 19

    expr           aller à l'état 145
    expr_function  aller à l'état 22
    expr_if        aller à l'état 23
    expr_op        aller à l'état 24
    expr_app       aller à l'état 25
    expr_select    aller à l'état 26
    expr_simple    aller à l'état 27


État 128

   63 binds: binds INHERIT attrs . ';'
   66 attrs: attrs . attr
   67      | attrs . string_attr

    ID            décalage et aller à l'état 79
    OR_KW         décalage et aller à l'état 82
    DOLLAR_CURLY  décalage et aller à l'état 83
    ';'           décalage et aller à l'état 146
    '"'           décalage et aller à l'état 84

    attr         aller à l'état 147
    string_attr  aller à l'état 148


État 129

   76 string_attr: DOLLAR_CURLY expr . '}'

    '}'  décalage et aller à l'état 149


État 130

   75 string_attr: '"' string_parts . '"'

    '"'  décalage et aller à l'état 150


État 131

   69 attrpath: attrpath '.' . attr
   70         | attrpath '.' . string_attr

    ID            décalage et aller à l'état 79
    OR_KW         décalage et aller à l'état 82
    DOLLAR_CURLY  décalage et aller à l'état 83
    '"'           décalage et aller à l'état 84

    attr         aller à l'état 151
    string_attr  aller à l'état 152


État 132

   62 binds: binds attrpath '=' . expr ';'

    ID               décalage et aller à l'état 1
    INT              décalage et aller à l'état 2
    FLOAT            décalage et aller à l'état 3
    PATH             décalage et aller à l'état 4
    HPATH            décalage et aller à l'état 5
    SPATH            décalage et aller à l'état 6
    URI              décalage et aller à l'état 7
    IF               décalage et aller à l'état 8
    ASSERT           décalage et aller à l'état 9
    WITH             décalage et aller à l'état 10
    LET              décalage et aller à l'état 11
    REC              décalage et aller à l'état 12
    IND_STRING_OPEN  décalage et aller à l'état 13
    '-'              décalage et aller à l'état 14
    '{'              décalage et aller à l'état 15
    '!'              décalage et aller à l'état 16
    '"'              décalage et aller à l'état 17
    '('              décalage et aller à l'état 18
    '['              décalage et aller à l'état 19

    expr           aller à l'état 153
    expr_function  aller à l'état 22
    expr_if        aller à l'état 23
    expr_op        aller à l'état 24
    expr_app       aller à l'état 25
    expr_select    aller à l'état 26
    expr_simple    aller à l'état 27


État 133

   49 expr_simple: REC '{' binds '}' .

    $défaut  réduction par utilisation de la règle 49 (expr_simple)


État 134

   60 ind_string_parts: ind_string_parts DOLLAR_CURLY expr . '}'

    '}'  décalage et aller à l'état 154


État 135

   84 formal: ID '?' expr .

    $défaut  réduction par utilisation de la règle 84 (formal)


État 136

    4 expr_function: '{' formals '}' ':' . expr_function

    ID               décalage et aller à l'état 1
    INT              décalage et aller à l'état 2
    FLOAT            décalage et aller à l'état 3
    PATH             décalage et aller à l'état 4
    HPATH            décalage et aller à l'état 5
    SPATH            décalage et aller à l'état 6
    URI              décalage et aller à l'état 7
    IF               décalage et aller à l'état 8
    ASSERT           décalage et aller à l'état 9
    WITH             décalage et aller à l'état 10
    LET              décalage et aller à l'état 11
    REC              décalage et aller à l'état 12
    IND_STRING_OPEN  décalage et aller à l'état 13
    '-'              décalage et aller à l'état 14
    '{'              décalage et aller à l'état 15
    '!'              décalage et aller à l'état 16
    '"'              décalage et aller à l'état 17
    '('              décalage et aller à l'état 18
    '['              décalage et aller à l'état 19

    expr_function  aller à l'état 155
    expr_if        aller à l'état 23
    expr_op        aller à l'état 24
    expr_app       aller à l'état 25
    expr_select    aller à l'état 26
    expr_simple    aller à l'état 27


État 137

    5 expr_function: '{' formals '}' '@' . ID ':' expr_function

    ID  décalage et aller à l'état 156


État 138

   79 formals: formal ',' formals .

    $défaut  réduction par utilisation de la règle 79 (formals)


État 139

   58 string_parts_interpolated: STR DOLLAR_CURLY expr . '}'

    '}'  décalage et aller à l'état 157


État 140

   57 string_parts_interpolated: DOLLAR_CURLY expr '}' .

    $défaut  réduction par utilisation de la règle 57 (string_parts_interpolated)


État 141

   56 string_parts_interpolated: string_parts_interpolated DOLLAR_CURLY expr . '}'

    '}'  décalage et aller à l'état 158


État 142

   35 expr_select: expr_simple '.' attrpath OR_KW . expr_select

    ID               décalage et aller à l'état 37
    INT              décalage et aller à l'état 2
    FLOAT            décalage et aller à l'état 3
    PATH             décalage et aller à l'état 4
    HPATH            décalage et aller à l'état 5
    SPATH            décalage et aller à l'état 6
    URI              décalage et aller à l'état 7
    LET              décalage et aller à l'état 38
    REC              décalage et aller à l'état 12
    IND_STRING_OPEN  décalage et aller à l'état 13
    '{'              décalage et aller à l'état 39
    '"'              décalage et aller à l'état 17
    '('              décalage et aller à l'état 18
    '['              décalage et aller à l'état 19

    expr_select  aller à l'état 159
    expr_simple  aller à l'état 27


État 143

    6 expr_function: ID '@' '{' formals '}' . ':' expr_function

    ':'  décalage et aller à l'état 160


État 144

   11 expr_if: IF expr THEN expr ELSE . expr

    ID               décalage et aller à l'état 1
    INT              décalage et aller à l'état 2
    FLOAT            décalage et aller à l'état 3
    PATH             décalage et aller à l'état 4
    HPATH            décalage et aller à l'état 5
    SPATH            décalage et aller à l'état 6
    URI              décalage et aller à l'état 7
    IF               décalage et aller à l'état 8
    ASSERT           décalage et aller à l'état 9
    WITH             décalage et aller à l'état 10
    LET              décalage et aller à l'état 11
    REC              décalage et aller à l'état 12
    IND_STRING_OPEN  décalage et aller à l'état 13
    '-'              décalage et aller à l'état 14
    '{'              décalage et aller à l'état 15
    '!'              décalage et aller à l'état 16
    '"'              décalage et aller à l'état 17
    '('              décalage et aller à l'état 18
    '['              décalage et aller à l'état 19

    expr           aller à l'état 161
    expr_function  aller à l'état 22
    expr_if        aller à l'état 23
    expr_op        aller à l'état 24
    expr_app       aller à l'état 25
    expr_select    aller à l'état 26
    expr_simple    aller à l'état 27


État 145

   64 binds: binds INHERIT '(' expr . ')' attrs ';'

    ')'  décalage et aller à l'état 162


État 146

   63 binds: binds INHERIT attrs ';' .

    $défaut  réduction par utilisation de la règle 63 (binds)


État 147

   66 attrs: attrs attr .

    $défaut  réduction par utilisation de la règle 66 (attrs)


État 148

   67 attrs: attrs string_attr .

    $défaut  réduction par utilisation de la règle 67 (attrs)


État 149

   76 string_attr: DOLLAR_CURLY expr '}' .

    $défaut  réduction par utilisation de la règle 76 (string_attr)


État 150

   75 string_attr: '"' string_parts '"' .

    $défaut  réduction par utilisation de la règle 75 (string_attr)


État 151

   69 attrpath: attrpath '.' attr .

    $défaut  réduction par utilisation de la règle 69 (attrpath)


État 152

   70 attrpath: attrpath '.' string_attr .

    $défaut  réduction par utilisation de la règle 70 (attrpath)


État 153

   62 binds: binds attrpath '=' expr . ';'

    ';'  décalage et aller à l'état 163


État 154

   60 ind_string_parts: ind_string_parts DOLLAR_CURLY expr '}' .

    $défaut  réduction par utilisation de la règle 60 (ind_string_parts)


État 155

    4 expr_function: '{' formals '}' ':' expr_function .

    $défaut  réduction par utilisation de la règle 4 (expr_function)


État 156

    5 expr_function: '{' formals '}' '@' ID . ':' expr_function

    ':'  décalage et aller à l'état 164


État 157

   58 string_parts_interpolated: STR DOLLAR_CURLY expr '}' .

    $défaut  réduction par utilisation de la règle 58 (string_parts_interpolated)


État 158

   56 string_parts_interpolated: string_parts_interpolated DOLLAR_CURLY expr '}' .

    $défaut  réduction par utilisation de la règle 56 (string_parts_interpolated)


État 159

   35 expr_select: expr_simple '.' attrpath OR_KW expr_select .

    $défaut  réduction par utilisation de la règle 35 (expr_select)


État 160

    6 expr_function: ID '@' '{' formals '}' ':' . expr_function

    ID               décalage et aller à l'état 1
    INT              décalage et aller à l'état 2
    FLOAT            décalage et aller à l'état 3
    PATH             décalage et aller à l'état 4
    HPATH            décalage et aller à l'état 5
    SPATH            décalage et aller à l'état 6
    URI              décalage et aller à l'état 7
    IF               décalage et aller à l'état 8
    ASSERT           décalage et aller à l'état 9
    WITH             décalage et aller à l'état 10
    LET              décalage et aller à l'état 11
    REC              décalage et aller à l'état 12
    IND_STRING_OPEN  décalage et aller à l'état 13
    '-'              décalage et aller à l'état 14
    '{'              décalage et aller à l'état 15
    '!'              décalage et aller à l'état 16
    '"'              décalage et aller à l'état 17
    '('              décalage et aller à l'état 18
    '['              décalage et aller à l'état 19

    expr_function  aller à l'état 165
    expr_if        aller à l'état 23
    expr_op        aller à l'état 24
    expr_app       aller à l'état 25
    expr_select    aller à l'état 26
    expr_simple    aller à l'état 27


État 161

   11 expr_if: IF expr THEN expr ELSE expr .

    $défaut  réduction par utilisation de la règle 11 (expr_if)


État 162

   64 binds: binds INHERIT '(' expr ')' . attrs ';'

    $défaut  réduction par utilisation de la règle 68 (attrs)

    attrs  aller à l'état 166


État 163

   62 binds: binds attrpath '=' expr ';' .

    $défaut  réduction par utilisation de la règle 62 (binds)


État 164

    5 expr_function: '{' formals '}' '@' ID ':' . expr_function

    ID               décalage et aller à l'état 1
    INT              décalage et aller à l'état 2
    FLOAT            décalage et aller à l'état 3
    PATH             décalage et aller à l'état 4
    HPATH            décalage et aller à l'état 5
    SPATH            décalage et aller à l'état 6
    URI              décalage et aller à l'état 7
    IF               décalage et aller à l'état 8
    ASSERT           décalage et aller à l'état 9
    WITH             décalage et aller à l'état 10
    LET              décalage et aller à l'état 11
    REC              décalage et aller à l'état 12
    IND_STRING_OPEN  décalage et aller à l'état 13
    '-'              décalage et aller à l'état 14
    '{'              décalage et aller à l'état 15
    '!'              décalage et aller à l'état 16
    '"'              décalage et aller à l'état 17
    '('              décalage et aller à l'état 18
    '['              décalage et aller à l'état 19

    expr_function  aller à l'état 167
    expr_if        aller à l'état 23
    expr_op        aller à l'état 24
    expr_app       aller à l'état 25
    expr_select    aller à l'état 26
    expr_simple    aller à l'état 27


État 165

    6 expr_function: ID '@' '{' formals '}' ':' expr_function .

    $défaut  réduction par utilisation de la règle 6 (expr_function)


État 166

   64 binds: binds INHERIT '(' expr ')' attrs . ';'
   66 attrs: attrs . attr
   67      | attrs . string_attr

    ID            décalage et aller à l'état 79
    OR_KW         décalage et aller à l'état 82
    DOLLAR_CURLY  décalage et aller à l'état 83
    ';'           décalage et aller à l'état 168
    '"'           décalage et aller à l'état 84

    attr         aller à l'état 147
    string_attr  aller à l'état 148


État 167

    5 expr_function: '{' formals '}' '@' ID ':' expr_function .

    $défaut  réduction par utilisation de la règle 5 (expr_function)


État 168

   64 binds: binds INHERIT '(' expr ')' attrs ';' .

    $défaut  réduction par utilisation de la règle 64 (binds)
